[handleMsg]:  {
  from: '5219842031831',
  body: '_event_call__a2ad3d55-6644-4243-9793-833dfce94f26',
  call: {
    chatId: '5219842031831@s.whatsapp.net',
    from: '5219842031831@s.whatsapp.net',
    id: 'E2CDCF081C65A969FFEB2D94C60E3DCC',
    date: 2025-09-05T15:00:41.000Z,
    offline: true,
    status: 'offer',
    isVideo: true,
    isGroup: false,
    groupJid: undefined
  },
  host: '5492214371684'
}
[handleMsg]:  {
  key: {
    remoteJid: '56971524620@s.whatsapp.net',
    fromMe: false,
    id: '3EB0EA4412408F58F635FE',
    participant: undefined
  },
  messageTimestamp: 1757088047,
  pushName: 'Simo',
  broadcast: false,
  message: Message {
    extendedTextMessage: ExtendedTextMessage {
      text: '1',
      contextInfo: [ContextInfo],
      inviteLinkGroupTypeV2: 0
    },
    messageContextInfo: MessageContextInfo {
      deviceListMetadata: [DeviceListMetadata],
      deviceListMetadataVersion: 2,
      messageSecret: [Uint8Array],
      limitSharingV2: [LimitSharing]
    }
  },
  body: '1',
  name: 'Simo',
  from: '56971524620',
  host: '5492214371684'
}
[QUEUE_SE_ENVIO]:  {
  ref: 'ans_7539abd4-d0ca-4db9-acbb-7ff18d285aa9',
  keyword: 'key_fdc6cf2c-e48f-4f80-8a8a-049721595ce9',
  answer: '__call_action__',
  options: {
    media: undefined,
    buttons: [],
    capture: false,
    delay: 0,
    idle: undefined,
    ref: undefined,
    nested: [],
    keyword: {},
    callback: true
  },
  refSerialize: '75889c398e2ed17753ae68cf547f3953'
}
[handleMsg]:  {
  key: {
    remoteJid: '5492214543059@s.whatsapp.net',
    fromMe: false,
    id: '3AF1D230FA59EEE90F62',
    participant: undefined
  },
  messageTimestamp: 1757088574,
  pushName: 'Bere Bonnot',
  broadcast: false,
  message: Message {
    conversation: 'Holiss como va? Marian te molesto por l siguiente, me hablo brai por el tema de la grilla , de cómo anota el extra por las planis, le dije que lo maneje como venia haciendo de última qye al lado de la clase ponga “+plani” y sume la hs en la hs que dio esa clase. \n' +
      'Pero ahora seguro les haga una columna para que anoten eso y se sume directo. No se como se manejan los demás coach que planifican. \n' +
      'Le mandé a Lu me dijo que es un monto que tiene arreglado con pato. Pero nahiara, Mariel, agustina no se cómo lo manejan. Más que nada psra de ultima mandarles y que ellas aclaren cuando completen',
    messageContextInfo: MessageContextInfo {
      deviceListMetadata: [DeviceListMetadata],
      deviceListMetadataVersion: 2,
      messageSecret: [Uint8Array]
    }
  },
  body: 'Holiss como va? Marian te molesto por l siguiente, me hablo brai por el tema de la grilla , de cómo anota el extra por las planis, le dije que lo maneje como venia haciendo de última qye al lado de la clase ponga “+plani” y sume la hs en la hs que dio esa clase. \n' +
    'Pero ahora seguro les haga una columna para que anoten eso y se sume directo. No se como se manejan los demás coach que planifican. \n' +
    'Le mandé a Lu me dijo que es un monto que tiene arreglado con pato. Pero nahiara, Mariel, agustina no se cómo lo manejan. Más que nada psra de ultima mandarles y que ellas aclaren cuando completen',
  name: 'Bere Bonnot',
  from: '5492214543059',
  host: '5492214371684'
}
[QUEUE_SE_ENVIO]:  {
  ref: 'ans_7539abd4-d0ca-4db9-acbb-7ff18d285aa9',
  keyword: 'key_fdc6cf2c-e48f-4f80-8a8a-049721595ce9',
  answer: '__call_action__',
  options: {
    media: undefined,
    buttons: [],
    capture: false,
    delay: 0,
    idle: undefined,
    ref: undefined,
    nested: [],
    keyword: {},
    callback: true
  },
  refSerialize: '75889c398e2ed17753ae68cf547f3953'
}
